<?xml version="1.0" encoding="UTF-8"?>
<!-- Generated by org.testng.reporters.JUnitReportReporter -->
<testsuite hostname="MUM02L7614" name="dm.runner.TestRunner" tests="1" failures="0" timestamp="6 Nov 2019 06:24:17 GMT" time="44.778" errors="0">
  <testcase name="feature" time="44.778" classname="dm.runner.TestRunner"/>
</testsuite> <!-- dm.runner.TestRunner -->
