<?xml version="1.0" encoding="UTF-8"?>
<!-- Generated by org.testng.reporters.JUnitReportReporter -->
<testsuite hostname="MUM02L7699" name="runner.Runner" tests="2" failures="0" timestamp="28 Oct 2019 06:16:52 GMT" time="0.012" errors="0">
  <testcase name="feature" time="0.010" classname="runner.Runner"/>
  <testcase name="feature" time="0.002" classname="runner.Runner"/>
</testsuite> <!-- runner.Runner -->
